2023-05-12T10:07:35.446Z PUT /api/users/ 645e0e94f75564372ad32320 200
2023-05-12T10:07:56.773Z GET /api/users/ 645e0e94f75564372ad32320 200
2023-05-12T10:08:21.971Z GET /api/users/ 645e0e94f75564372ad32320 200
2023-05-13T09:08:08.256Z GET /api/music/top null 200
2023-05-13T09:08:08.555Z GET /api/music/random null 200
2023-05-13T09:08:08.582Z GET /api/music/top null 200
2023-05-13T09:08:09.124Z GET /api/music/random null 200
2023-05-13T09:08:14.914Z GET /api/music?search= null 200
2023-05-13T09:08:15.464Z GET /api/music?search= null 200
2023-05-13T10:12:06.620Z POST /api/users/login null 400
2023-05-13T10:19:02.608Z POST /api/users/login null 400
2023-05-13T10:21:55.626Z POST /api/users/login null 401
2023-05-13T10:21:55.633Z POST /api/users/login null 400
2023-05-13T10:22:04.748Z POST /api/users null 201
2023-05-13T10:33:37.928Z POST /api/users/login null 400
2023-05-13T10:39:07.956Z POST /api/users/login null 400
2023-05-13T10:39:53.604Z POST /api/users/login null 400
2023-05-13T10:40:41.895Z POST /api/users/login null 400
2023-05-13T10:42:21.405Z POST /api/users/login null 400
2023-05-13T10:45:08.468Z POST /api/users/login null 400
2023-05-13T10:45:53.618Z POST /api/users/login null 400
2023-05-13T10:46:33.777Z POST /api/users/login null 400
2023-05-13T10:47:27.043Z POST /api/users/login null 400
2023-05-13T10:48:51.881Z POST /api/users/login null 400
2023-05-13T10:59:45.302Z POST /api/users/login null 200
2023-05-13T11:01:13.623Z POST /api/users/login null 200
2023-05-13T11:03:46.247Z POST /api/users/login null 200
2023-05-13T11:03:46.512Z POST /api/users/login null 401
2023-05-13T11:03:46.512Z POST /api/users/login null 400
2023-05-13T11:07:00.321Z POST /api/users/login null 200
2023-05-13T11:07:00.590Z POST /api/users/login null 401
2023-05-13T11:07:00.591Z POST /api/users/login null 400
2023-05-13T11:15:29.296Z POST /api/users/login null 200
2023-05-13T11:15:29.562Z POST /api/users/login null 401
2023-05-13T11:15:29.563Z POST /api/users/login null 400
2023-05-13T11:16:38.600Z POST /api/users/login null 200
2023-05-13T11:16:39.011Z POST /api/users/login null 200
2023-05-13T11:16:39.554Z GET /api/users 645f64cccf4315a74f997933 200
2023-05-13T11:25:57.088Z POST /api/users/login null 200
2023-05-13T11:25:57.598Z POST /api/users/login null 200
2023-05-13T11:25:58.169Z GET /api/users 645f64cccf4315a74f997933 200
2023-05-13T11:27:16.617Z POST /api/users/login null 200
2023-05-13T11:27:17.143Z POST /api/users/login null 200
2023-05-13T11:27:17.711Z GET /api/users 645f64cccf4315a74f997933 200
2023-05-13T11:27:17.988Z POST /api/users/login null 401
2023-05-13T11:27:17.988Z POST /api/users/login null 400
2023-05-13T11:27:18.485Z POST /api/users/login null 200
2023-05-13T11:29:20.180Z POST /api/users/login null 200
2023-05-13T11:29:20.648Z POST /api/users/login null 200
2023-05-13T11:29:21.193Z GET /api/users 645f64cccf4315a74f997933 200
2023-05-13T11:29:21.473Z POST /api/users/login null 401
2023-05-13T11:29:21.474Z POST /api/users/login null 400
2023-05-13T11:29:21.928Z POST /api/users/login null 200
2023-05-13T11:33:51.995Z POST /api/users/login null 200
2023-05-13T11:33:52.907Z POST /api/users/login null 200
2023-05-13T11:33:53.502Z GET /api/users 645f64cccf4315a74f997933 200
2023-05-13T11:33:53.780Z POST /api/users/login null 401
2023-05-13T11:33:53.780Z POST /api/users/login null 400
2023-05-13T11:33:54.477Z POST /api/users/login null 200
2023-05-13T11:35:34.614Z POST /api/users/login null 200
2023-05-13T11:35:35.659Z POST /api/users/login null 200
2023-05-13T11:35:36.271Z GET /api/users 645f64cccf4315a74f997933 200
2023-05-13T11:35:36.564Z POST /api/users/login null 401
2023-05-13T11:35:36.564Z POST /api/users/login null 400
2023-05-13T11:35:37.902Z POST /api/users/login null 200
2023-05-14T03:23:06.754Z GET /api/music/top null 200
2023-05-14T03:23:06.971Z GET /api/music/random null 200
2023-05-14T03:23:07.035Z GET /api/music/top null 200
2023-05-14T03:23:07.504Z GET /api/music/random null 200
2023-05-14T03:23:13.288Z GET /api/music?search= null 200
2023-05-14T03:23:13.808Z GET /api/music?search= null 200
2023-05-14T03:24:05.857Z GET /api/music?search= null 200
2023-05-14T03:24:05.871Z GET /api/music?genre=&language=&year=&rating= null 200
2023-05-14T03:24:06.392Z GET /api/music?search= null 200
2023-05-14T03:24:06.411Z GET /api/music?genre=&language=&year=&rating= null 200
2023-05-14T03:24:37.039Z GET /api/music?search=P null 200
2023-05-14T03:24:37.277Z GET /api/music?search=Po null 200
2023-05-14T03:24:37.512Z GET /api/music?search=Pok null 200
2023-05-14T03:24:38.286Z GET /api/music?search=Po null 200
2023-05-14T03:24:40.736Z GET /api/music?search= null 200
2023-05-14T03:24:50.476Z POST /api/users/login null 200
2023-05-14T03:24:51.039Z GET /api/music/random null 200
2023-05-14T03:24:51.291Z GET /api/users/favorites 645c9025557b5eea49333614 200
2023-05-14T03:24:51.551Z GET /api/music/random null 200
2023-05-14T03:25:51.974Z GET /api/music?search= null 200
2023-05-14T03:25:51.996Z GET /api/music?genre=&language=&year=&rating= null 200
2023-05-14T03:25:52.504Z GET /api/music?search= null 200
2023-05-14T03:25:52.545Z GET /api/music?genre=&language=&year=&rating= null 200
2023-05-14T03:25:53.913Z GET /api/music/song/645b2ebba95ba468571520ac null 200
2023-05-14T03:25:54.175Z GET /api/music/song/645b2ebba95ba468571520ac null 200
2023-05-14T03:26:32.403Z GET /api/music/random null 200
2023-05-14T03:26:32.655Z GET /api/users/favorites 645c9025557b5eea49333614 200
2023-05-14T03:26:32.923Z GET /api/music/random null 200
2023-05-14T03:26:33.428Z GET /api/users/favorites 645c9025557b5eea49333614 200
2023-05-14T03:55:15.332Z POST /api/users/login null 200
2023-05-14T03:55:15.722Z POST /api/users/login null 200
2023-05-14T03:55:16.241Z GET /api/users 645f64cccf4315a74f997933 200
2023-05-14T03:55:16.506Z POST /api/users/login null 401
2023-05-14T03:55:16.507Z POST /api/users/login null 400
2023-05-14T03:55:16.850Z POST /api/users/login null 200
